<?xml version="1.0" encoding="UTF-8"?>
<!-- Generated by org.testng.reporters.JUnitReportReporter -->
<testsuite skipped="0" hostname="Wilberth" name="com.syntax.testcases.PimTest" tests="1" failures="0" timestamp="09 Jun 2019 17:24:24 GMT" time="40.313" errors="0">
  <testcase name="enterPim" time="40.313" classname="com.syntax.testcases.PimTest"/>
</testsuite> <!-- com.syntax.testcases.PimTest -->
