<?xml version="1.0" encoding="UTF-8"?>
<!-- Generated by org.testng.reporters.JUnitReportReporter -->
<testsuite skipped="0" hostname="Wilberth" name="com.syntax.testcases.LoginPageTest" tests="1" failures="0" timestamp="08 Jun 2019 21:44:01 GMT" time="7.999" errors="0">
  <testcase name="loginToOrangeHRM" time="7.999" classname="com.syntax.testcases.LoginPageTest"/>
</testsuite> <!-- com.syntax.testcases.LoginPageTest -->
